  AABB.cpp
  Audio.cpp
  main.cpp
h:\uni\real_time_3d\rt3d\realtime3d\dev\lab2\wk2\lab\3dgraphicsprojectgit\animation\md2model.h(40): warning C4005: 'WIN32': macro redefinition
  h:\uni\real_time_3d\rt3d\realtime3d\dev\lab2\wk2\lab\3dgraphicsprojectgit\animation\md2model.h(40): note: command-line arguments:  see previous definition of 'WIN32'
h:\uni\real_time_3d\rt3d\realtime3d\dev\lab2\wk2\lab\3dgraphicsprojectgit\animation\main.cpp(421): warning C4244: 'initializing': conversion from 'double' to 'float', possible loss of data
h:\uni\real_time_3d\rt3d\realtime3d\dev\lab2\wk2\lab\3dgraphicsprojectgit\animation\main.cpp(422): warning C4244: 'initializing': conversion from 'double' to 'float', possible loss of data
  md2model.cpp
h:\uni\real_time_3d\rt3d\realtime3d\dev\lab2\wk2\lab\3dgraphicsprojectgit\animation\md2model.h(40): warning C4005: 'WIN32': macro redefinition
  h:\uni\real_time_3d\rt3d\realtime3d\dev\lab2\wk2\lab\3dgraphicsprojectgit\animation\md2model.h(40): note: command-line arguments:  see previous definition of 'WIN32'
h:\uni\real_time_3d\rt3d\realtime3d\dev\lab2\wk2\lab\3dgraphicsprojectgit\animation\md2model.cpp(125): warning C4996: 'fopen': This function or variable may be unsafe. Consider using fopen_s instead. To disable deprecation, use _CRT_SECURE_NO_WARNINGS. See online help for details.
  c:\program files (x86)\windows kits\10\include\10.0.15063.0\ucrt\stdio.h(207): note: see declaration of 'fopen'
h:\uni\real_time_3d\rt3d\realtime3d\dev\lab2\wk2\lab\3dgraphicsprojectgit\animation\md2model.cpp(195): warning C4101: 'v': unreferenced local variable
h:\uni\real_time_3d\rt3d\realtime3d\dev\lab2\wk2\lab\3dgraphicsprojectgit\animation\md2model.cpp(194): warning C4101: 's': unreferenced local variable
h:\uni\real_time_3d\rt3d\realtime3d\dev\lab2\wk2\lab\3dgraphicsprojectgit\animation\md2model.cpp(195): warning C4101: 'norm': unreferenced local variable
h:\uni\real_time_3d\rt3d\realtime3d\dev\lab2\wk2\lab\3dgraphicsprojectgit\animation\md2model.cpp(194): warning C4101: 't': unreferenced local variable
h:\uni\real_time_3d\rt3d\realtime3d\dev\lab2\wk2\lab\3dgraphicsprojectgit\animation\md2model.cpp(357): warning C4018: '<': signed/unsigned mismatch
  rt3d.cpp
  rt3dObjLoader.cpp
h:\uni\real_time_3d\rt3d\realtime3d\dev\lab2\wk2\lab\3dgraphicsprojectgit\animation\rt3dobjloader.cpp(197): warning C4018: '<': signed/unsigned mismatch
h:\uni\real_time_3d\rt3d\realtime3d\dev\lab2\wk2\lab\3dgraphicsprojectgit\animation\rt3dobjloader.cpp(135): warning C4101: 'z': unreferenced local variable
h:\uni\real_time_3d\rt3d\realtime3d\dev\lab2\wk2\lab\3dgraphicsprojectgit\animation\rt3dobjloader.cpp(135): warning C4101: 'y': unreferenced local variable
h:\uni\real_time_3d\rt3d\realtime3d\dev\lab2\wk2\lab\3dgraphicsprojectgit\animation\rt3dobjloader.cpp(135): warning C4101: 'x': unreferenced local variable
  Transform.cpp
  Generating Code...
  Animation.vcxproj -> H:\Uni\Real_Time_3D\rt3d\RealTime3D\dev\Lab2\wk2\lab\3DGraphicsProjectGit\Debug\Animation.exe
